0 info it worked if it ends with ok
1 verbose cli [ '/usr/local/bin/node',
1 verbose cli   '/usr/local/bin/npm',
1 verbose cli   'install',
1 verbose cli   '-g',
1 verbose cli   'ios-sim' ]
2 info using npm@2.14.20
3 info using node@v4.4.1
4 verbose install initial load of /usr/local/lib/package.json
5 verbose readDependencies loading dependencies from /usr/local/lib/package.json
6 silly cache add args [ 'ios-sim', null ]
7 verbose cache add spec ios-sim
8 silly cache add parsed spec Result {
8 silly cache add   raw: 'ios-sim',
8 silly cache add   scope: null,
8 silly cache add   name: 'ios-sim',
8 silly cache add   rawSpec: '',
8 silly cache add   spec: 'latest',
8 silly cache add   type: 'tag' }
9 silly addNamed ios-sim@latest
10 verbose addNamed "latest" is being treated as a dist-tag for ios-sim
11 info addNameTag [ 'ios-sim', 'latest' ]
12 silly mapToRegistry name ios-sim
13 silly mapToRegistry using default registry
14 silly mapToRegistry registry https://registry.npmjs.org/
15 silly mapToRegistry uri https://registry.npmjs.org/ios-sim
16 verbose addNameTag registry:https://registry.npmjs.org/ios-sim not in flight; fetching
17 verbose request uri https://registry.npmjs.org/ios-sim
18 verbose request no auth needed
19 info attempt registry request try #1 at 5:16:31 PM
20 verbose request id afbe676ee17cb687
21 http request GET https://registry.npmjs.org/ios-sim
22 http 200 https://registry.npmjs.org/ios-sim
23 verbose headers { server: 'CouchDB/1.5.0 (Erlang OTP/R16B03)',
23 verbose headers   etag: '"40T4Q8K92RYWIMZ5K5NVSZV3A"',
23 verbose headers   'content-type': 'application/json',
23 verbose headers   'content-encoding': 'gzip',
23 verbose headers   'cache-control': 'max-age=300',
23 verbose headers   'content-length': '5393',
23 verbose headers   'accept-ranges': 'bytes',
23 verbose headers   date: 'Sat, 21 May 2016 21:16:31 GMT',
23 verbose headers   via: '1.1 varnish',
23 verbose headers   age: '0',
23 verbose headers   connection: 'keep-alive',
23 verbose headers   'x-served-by': 'cache-jfk1025-JFK',
23 verbose headers   'x-cache': 'MISS',
23 verbose headers   'x-cache-hits': '0',
23 verbose headers   'x-timer': 'S1463865391.176721,VS0,VE85',
23 verbose headers   vary: 'Accept-Encoding' }
24 silly get cb [ 200,
24 silly get   { server: 'CouchDB/1.5.0 (Erlang OTP/R16B03)',
24 silly get     etag: '"40T4Q8K92RYWIMZ5K5NVSZV3A"',
24 silly get     'content-type': 'application/json',
24 silly get     'content-encoding': 'gzip',
24 silly get     'cache-control': 'max-age=300',
24 silly get     'content-length': '5393',
24 silly get     'accept-ranges': 'bytes',
24 silly get     date: 'Sat, 21 May 2016 21:16:31 GMT',
24 silly get     via: '1.1 varnish',
24 silly get     age: '0',
24 silly get     connection: 'keep-alive',
24 silly get     'x-served-by': 'cache-jfk1025-JFK',
24 silly get     'x-cache': 'MISS',
24 silly get     'x-cache-hits': '0',
24 silly get     'x-timer': 'S1463865391.176721,VS0,VE85',
24 silly get     vary: 'Accept-Encoding' } ]
25 verbose get saving ios-sim to /Users/amansanger/.npm/registry.npmjs.org/ios-sim/.cache.json
26 verbose correctMkdir /Users/amansanger/.npm correctMkdir not in flight; initializing
27 silly addNameTag next cb for ios-sim with tag latest
28 silly addNamed ios-sim@5.0.8
29 verbose addNamed "5.0.8" is a plain semver version for ios-sim
30 silly mapToRegistry name ios-sim
31 silly mapToRegistry using default registry
32 silly mapToRegistry registry https://registry.npmjs.org/
33 silly mapToRegistry uri https://registry.npmjs.org/ios-sim
34 verbose addRemoteTarball https://registry.npmjs.org/ios-sim/-/ios-sim-5.0.8.tgz not in flight; adding
35 verbose addRemoteTarball [ 'https://registry.npmjs.org/ios-sim/-/ios-sim-5.0.8.tgz',
35 verbose addRemoteTarball   '20520bbcfdadb0b0cb08690b90969b6e60a9a796' ]
36 info retry fetch attempt 1 at 5:16:31 PM
37 info attempt registry request try #1 at 5:16:31 PM
38 http fetch GET https://registry.npmjs.org/ios-sim/-/ios-sim-5.0.8.tgz
39 http fetch 200 https://registry.npmjs.org/ios-sim/-/ios-sim-5.0.8.tgz
40 silly fetchAndShaCheck shasum 20520bbcfdadb0b0cb08690b90969b6e60a9a796
41 verbose addTmpTarball /var/folders/t5/km4kj2yd5mx3s2svc_xbwydm0000gp/T/npm-82041-f17b0be5/registry.npmjs.org/ios-sim/-/ios-sim-5.0.8.tgz not in flight; adding
42 verbose addTmpTarball already have metadata; skipping unpack for ios-sim@5.0.8
43 verbose correctMkdir /Users/amansanger/.npm correctMkdir not in flight; initializing
44 silly cache afterAdd ios-sim@5.0.8
45 verbose afterAdd /Users/amansanger/.npm/ios-sim/5.0.8/package/package.json not in flight; writing
46 verbose correctMkdir /Users/amansanger/.npm correctMkdir not in flight; initializing
47 verbose afterAdd /Users/amansanger/.npm/ios-sim/5.0.8/package/package.json written
48 silly install resolved [ { name: 'ios-sim',
48 silly install resolved     version: '5.0.8',
48 silly install resolved     preferGlobal: 'true',
48 silly install resolved     description: 'launch iOS apps into the iOS Simulator from the command line (Xcode 6.0+)',
48 silly install resolved     main: 'ios-sim.js',
48 silly install resolved     repository:
48 silly install resolved      { type: 'git',
48 silly install resolved        url: 'git+https://github.com/phonegap/ios-sim.git' },
48 silly install resolved     engines: { node: '>=0.10.0' },
48 silly install resolved     keywords: [ 'ios-sim', 'iOS Simulator' ],
48 silly install resolved     bin: { 'ios-sim': './bin/ios-sim' },
48 silly install resolved     bugs: { url: 'https://github.com/phonegap/ios-sim/issues' },
48 silly install resolved     author: { name: 'Shazron Abdullah' },
48 silly install resolved     license: 'MIT',
48 silly install resolved     dependencies:
48 silly install resolved      { plist: '^1.2.0',
48 silly install resolved        simctl: '^0.0.9',
48 silly install resolved        nopt: '1.0.9',
48 silly install resolved        'bplist-parser': '^0.0.6' },
48 silly install resolved     devDependencies: { jshint: '^2.9.1' },
48 silly install resolved     scripts: { test: 'npm run jshint', jshint: 'jshint src ./ios-sim.js' },
48 silly install resolved     gitHead: 'f0fc8160c262fe86ccaf8eeef1ff4ef22eb19b5c',
48 silly install resolved     homepage: 'https://github.com/phonegap/ios-sim#readme',
48 silly install resolved     _id: 'ios-sim@5.0.8',
48 silly install resolved     _shasum: '20520bbcfdadb0b0cb08690b90969b6e60a9a796',
48 silly install resolved     _from: 'ios-sim@latest',
48 silly install resolved     _npmVersion: '2.11.3',
48 silly install resolved     _nodeVersion: '0.12.7',
48 silly install resolved     _npmUser: { name: 'shazron', email: 'shazron@gmail.com' },
48 silly install resolved     dist:
48 silly install resolved      { shasum: '20520bbcfdadb0b0cb08690b90969b6e60a9a796',
48 silly install resolved        tarball: 'https://registry.npmjs.org/ios-sim/-/ios-sim-5.0.8.tgz' },
48 silly install resolved     maintainers: [ [Object], [Object], [Object], [Object] ],
48 silly install resolved     _npmOperationalInternal:
48 silly install resolved      { host: 'packages-12-west.internal.npmjs.com',
48 silly install resolved        tmp: 'tmp/ios-sim-5.0.8.tgz_1458757739978_0.3562360794749111' },
48 silly install resolved     directories: {},
48 silly install resolved     _resolved: 'https://registry.npmjs.org/ios-sim/-/ios-sim-5.0.8.tgz' } ]
49 info install ios-sim@5.0.8 into /usr/local/lib
50 info installOne ios-sim@5.0.8
51 verbose installOne of ios-sim to /usr/local/lib not in flight; installing
52 verbose correctMkdir /Users/amansanger/.npm/_locks correctMkdir not in flight; initializing
53 verbose lock using /Users/amansanger/.npm/_locks/ios-sim-3bb56db538048d2f.lock for /usr/local/lib/node_modules/ios-sim
54 silly install write writing ios-sim 5.0.8 to /usr/local/lib/node_modules/ios-sim
55 verbose unbuild lib/node_modules/ios-sim
56 silly gentlyRm /usr/local/lib/node_modules/ios-sim is being purged from base /usr/local
57 verbose gentlyRm don't care about contents; nuking /usr/local/lib/node_modules/ios-sim
58 verbose tar unpack /Users/amansanger/.npm/ios-sim/5.0.8/package.tgz
59 verbose tar unpacking to /usr/local/lib/node_modules/ios-sim
60 silly gentlyRm /usr/local/lib/node_modules/ios-sim is being purged
61 verbose gentlyRm don't care about contents; nuking /usr/local/lib/node_modules/ios-sim
62 silly gunzTarPerm modes [ '755', '644' ]
63 error tar.unpack untar error /Users/amansanger/.npm/ios-sim/5.0.8/package.tgz
64 verbose unlock done using /Users/amansanger/.npm/_locks/ios-sim-3bb56db538048d2f.lock for /usr/local/lib/node_modules/ios-sim
65 verbose fstream_path /usr/local/lib/node_modules/ios-sim
66 verbose fstream_type Directory
67 verbose fstream_class DirWriter
68 verbose stack Error: EACCES: permission denied, mkdir '/usr/local/lib/node_modules/ios-sim'
68 verbose stack     at Error (native)
69 verbose fstream_stack /usr/local/lib/node_modules/npm/node_modules/fstream/lib/dir-writer.js:35:25
69 verbose fstream_stack /usr/local/lib/node_modules/npm/node_modules/mkdirp/index.js:47:53
69 verbose fstream_stack FSReqWrap.oncomplete (fs.js:82:15)
70 verbose cwd /Users/amansanger/Desktop/goGreen
71 error Darwin 15.4.0
72 error argv "/usr/local/bin/node" "/usr/local/bin/npm" "install" "-g" "ios-sim"
73 error node v4.4.1
74 error npm  v2.14.20
75 error path /usr/local/lib/node_modules/ios-sim
76 error code EACCES
77 error errno -13
78 error syscall mkdir
79 error Error: EACCES: permission denied, mkdir '/usr/local/lib/node_modules/ios-sim'
79 error     at Error (native)
79 error  { [Error: EACCES: permission denied, mkdir '/usr/local/lib/node_modules/ios-sim']
79 error   errno: -13,
79 error   code: 'EACCES',
79 error   syscall: 'mkdir',
79 error   path: '/usr/local/lib/node_modules/ios-sim',
79 error   fstream_type: 'Directory',
79 error   fstream_path: '/usr/local/lib/node_modules/ios-sim',
79 error   fstream_class: 'DirWriter',
79 error   fstream_stack:
79 error    [ '/usr/local/lib/node_modules/npm/node_modules/fstream/lib/dir-writer.js:35:25',
79 error      '/usr/local/lib/node_modules/npm/node_modules/mkdirp/index.js:47:53',
79 error      'FSReqWrap.oncomplete (fs.js:82:15)' ] }
80 error Please try running this command again as root/Administrator.
81 verbose exit [ -13, true ]
82 verbose unbuild lib/node_modules/ios-sim
83 silly gentlyRm /usr/local/lib/node_modules/ios-sim is being purged from base /usr/local
84 verbose gentlyRm don't care about contents; nuking /usr/local/lib/node_modules/ios-sim
